<?xml version="1.0" encoding="UTF-8"?>
<!-- Generated by org.testng.reporters.JUnitReportReporter -->
<testsuite skipped="0" hostname="LAPTOP-BGDGB5BJ" name="com.Mytest.LoginTest" tests="1" failures="0" timestamp="2020-10-26T09:40:06 IST" time="36.407" errors="0">
  <testcase name="verifylogin" time="36.407" classname="com.Mytest.LoginTest"/>
  <system-out/>
</testsuite> <!-- com.Mytest.LoginTest -->
