<?xml version="1.0" encoding="UTF-8"?>
<!-- Generated by org.testng.reporters.JUnitReportReporter -->
<testsuite skipped="1" hostname="LAPTOP-BGDGB5BJ" name="com.Mytest.HomeTest" tests="3" failures="0" timestamp="2020-10-26T09:40:06 IST" time="46.479" errors="0">
  <testcase name="Verifyplpdetails" time="22.892" classname="com.Mytest.HomeTest"/>
  <system-out/>
  <testcase name="VerifyPLP" time="23.587" classname="com.Mytest.HomeTest"/>
  <system-out/>
  <testcase name="getquickviewdetails" classname="com.Mytest.HomeTest">
    <skipped/>
  </testcase> <!-- getquickviewdetails -->
  <system-out/>
</testsuite> <!-- com.Mytest.HomeTest -->
