<?xml version="1.0" encoding="UTF-8"?>
<!-- Generated by org.testng.reporters.JUnitReportReporter -->
<testsuite skipped="0" hostname="LAPTOP-BGDGB5BJ" name="com.Mytest.HomeTest" tests="2" failures="0" timestamp="2020-10-17T12:47:26 IST" time="41.124" errors="0">
  <testcase name="Verifyplpdetails" time="17.664" classname="com.Mytest.HomeTest"/>
  <system-out/>
  <testcase name="VerifyPDP" time="23.460" classname="com.Mytest.HomeTest"/>
  <system-out/>
</testsuite> <!-- com.Mytest.HomeTest -->
