<?xml version="1.0" encoding="UTF-8"?>
<!-- Generated by org.testng.reporters.JUnitReportReporter -->
<testsuite skipped="0" hostname="LAPTOP-BGDGB5BJ" name="com.Mytest.LoginTest" tests="1" failures="0" timestamp="2020-10-17T12:47:26 IST" time="34.055" errors="0">
  <testcase name="verifylogin" time="34.055" classname="com.Mytest.LoginTest"/>
  <system-out/>
</testsuite> <!-- com.Mytest.LoginTest -->
